0 verbose cli /usr/bin/node /usr/lib/node_modules/npm/bin/npm-cli.js
1 info using npm@10.8.2
2 info using node@v20.19.1
3 silly config load:file:/usr/lib/node_modules/npm/npmrc
4 silly config load:file:/home/user/room-planner/.npmrc
5 silly config load:file:/home/user/.npmrc
6 silly config load:file:/usr/etc/npmrc
7 verbose title npm exec shadcn@latest init
8 verbose argv "exec" "--" "shadcn@latest" "init"
9 verbose logfile logs-max:10 dir:/home/user/.npm/_logs/2025-05-13T18_12_18_652Z-
10 verbose logfile /home/user/.npm/_logs/2025-05-13T18_12_18_652Z-debug-0.log
11 silly logfile done cleaning log files
12 silly packumentCache heap:530317312 maxSize:132579328 maxEntrySize:66289664
13 http fetch GET 200 https://registry.npmjs.org/shadcn 218ms (cache updated)
14 silly packumentCache heap:530317312 maxSize:132579328 maxEntrySize:66289664
15 silly packumentCache heap:530317312 maxSize:132579328 maxEntrySize:66289664
16 verbose cwd /home/user/room-planner
17 verbose os Linux 6.1.102
18 verbose node v20.19.1
19 verbose npm  v10.8.2
20 verbose exit 1
21 verbose code 1
