0 verbose cli /usr/bin/node /usr/bin/npm
1 info using npm@10.8.2
2 info using node@v20.19.1
3 silly config load:file:/usr/lib/node_modules/npm/npmrc
4 silly config load:file:/home/user/room-planner/.npmrc
5 silly config load:file:/home/user/.npmrc
6 silly config load:file:/usr/etc/npmrc
7 verbose title npm install tailwindcss postcss autoprefixer
8 verbose argv "install" "--save-dev" "tailwindcss" "postcss" "autoprefixer"
9 verbose logfile logs-max:10 dir:/home/user/.npm/_logs/2025-05-13T18_10_27_069Z-
10 verbose logfile /home/user/.npm/_logs/2025-05-13T18_10_27_069Z-debug-0.log
11 silly packumentCache heap:530317312 maxSize:132579328 maxEntrySize:66289664
12 silly logfile done cleaning log files
13 silly idealTree buildDeps
14 silly fetch manifest tailwindcss@*
15 silly packumentCache full:https://registry.npmjs.org/tailwindcss cache-miss
16 http fetch GET 200 https://registry.npmjs.org/tailwindcss 576ms (cache miss)
17 silly packumentCache full:https://registry.npmjs.org/tailwindcss set size:undefined disposed:false
18 silly fetch manifest postcss@*
19 silly packumentCache full:https://registry.npmjs.org/postcss cache-miss
20 http fetch GET 200 https://registry.npmjs.org/postcss 14ms (cache hit)
21 silly packumentCache full:https://registry.npmjs.org/postcss set size:687240 disposed:false
22 silly fetch manifest autoprefixer@*
23 silly packumentCache full:https://registry.npmjs.org/autoprefixer cache-miss
24 http fetch GET 200 https://registry.npmjs.org/autoprefixer 75ms (cache miss)
25 silly packumentCache full:https://registry.npmjs.org/autoprefixer set size:undefined disposed:false
26 silly placeDep ROOT autoprefixer@10.4.21 OK for: room-planner@0.0.0 want: *
27 silly placeDep ROOT postcss@8.5.3 REPLACE for: room-planner@0.0.0 want: *
28 silly placeDep ROOT tailwindcss@4.1.6 OK for: room-planner@0.0.0 want: *
29 silly fetch manifest fraction.js@^4.3.7
30 silly packumentCache full:https://registry.npmjs.org/fraction.js cache-miss
31 http fetch GET 200 https://registry.npmjs.org/fraction.js 47ms (cache miss)
32 silly packumentCache full:https://registry.npmjs.org/fraction.js set size:undefined disposed:false
33 silly fetch manifest normalize-range@^0.1.2
34 silly packumentCache full:https://registry.npmjs.org/normalize-range cache-miss
35 http fetch GET 200 https://registry.npmjs.org/normalize-range 63ms (cache miss)
36 silly packumentCache full:https://registry.npmjs.org/normalize-range set size:undefined disposed:false
37 silly fetch manifest postcss-value-parser@^4.2.0
38 silly packumentCache full:https://registry.npmjs.org/postcss-value-parser cache-miss
39 http fetch GET 200 https://registry.npmjs.org/postcss-value-parser 55ms (cache miss)
40 silly packumentCache full:https://registry.npmjs.org/postcss-value-parser set size:undefined disposed:false
41 silly placeDep ROOT fraction.js@4.3.7 OK for: autoprefixer@10.4.21 want: ^4.3.7
42 silly placeDep ROOT normalize-range@0.1.2 OK for: autoprefixer@10.4.21 want: ^0.1.2
43 silly placeDep ROOT postcss-value-parser@4.2.0 OK for: autoprefixer@10.4.21 want: ^4.2.0
44 silly reify moves {}
45 silly audit bulk request {
45 silly audit   '@ampproject/remapping': [ '2.3.0' ],
45 silly audit   '@babel/code-frame': [ '7.27.1' ],
45 silly audit   '@babel/compat-data': [ '7.27.2' ],
45 silly audit   '@babel/core': [ '7.27.1' ],
45 silly audit   '@babel/generator': [ '7.27.1' ],
45 silly audit   '@babel/helper-compilation-targets': [ '7.27.2' ],
45 silly audit   '@babel/helper-module-imports': [ '7.27.1' ],
45 silly audit   '@babel/helper-module-transforms': [ '7.27.1' ],
45 silly audit   '@babel/helper-plugin-utils': [ '7.27.1' ],
45 silly audit   '@babel/helper-string-parser': [ '7.27.1' ],
45 silly audit   '@babel/helper-validator-identifier': [ '7.27.1' ],
45 silly audit   '@babel/helper-validator-option': [ '7.27.1' ],
45 silly audit   '@babel/helpers': [ '7.27.1' ],
45 silly audit   '@babel/parser': [ '7.27.2' ],
45 silly audit   '@babel/plugin-transform-react-jsx-self': [ '7.27.1' ],
45 silly audit   '@babel/plugin-transform-react-jsx-source': [ '7.27.1' ],
45 silly audit   '@babel/runtime': [ '7.27.1' ],
45 silly audit   '@babel/template': [ '7.27.2' ],
45 silly audit   '@babel/traverse': [ '7.27.1' ],
45 silly audit   globals: [ '11.12.0', '14.0.0', '16.1.0' ],
45 silly audit   '@babel/types': [ '7.27.1' ],
45 silly audit   '@dimforge/rapier3d-compat': [ '0.12.0' ],
45 silly audit   '@emotion/babel-plugin': [ '11.13.5' ],
45 silly audit   'convert-source-map': [ '1.9.0', '2.0.0' ],
45 silly audit   '@emotion/cache': [ '11.14.0' ],
45 silly audit   '@emotion/hash': [ '0.9.2' ],
45 silly audit   '@emotion/is-prop-valid': [ '1.3.1' ],
45 silly audit   '@emotion/memoize': [ '0.9.0' ],
45 silly audit   '@emotion/react': [ '11.14.0' ],
45 silly audit   '@emotion/serialize': [ '1.3.3' ],
45 silly audit   '@emotion/sheet': [ '1.4.0' ],
45 silly audit   '@emotion/styled': [ '11.14.0' ],
45 silly audit   '@emotion/unitless': [ '0.10.0' ],
45 silly audit   '@emotion/use-insertion-effect-with-fallbacks': [ '1.2.0' ],
45 silly audit   '@emotion/utils': [ '1.4.2' ],
45 silly audit   '@emotion/weak-memoize': [ '0.4.0' ],
45 silly audit   '@esbuild/aix-ppc64': [ '0.25.4' ],
45 silly audit   '@esbuild/android-arm': [ '0.25.4' ],
45 silly audit   '@esbuild/android-arm64': [ '0.25.4' ],
45 silly audit   '@esbuild/android-x64': [ '0.25.4' ],
45 silly audit   '@esbuild/darwin-arm64': [ '0.25.4' ],
45 silly audit   '@esbuild/darwin-x64': [ '0.25.4' ],
45 silly audit   '@esbuild/freebsd-arm64': [ '0.25.4' ],
45 silly audit   '@esbuild/freebsd-x64': [ '0.25.4' ],
45 silly audit   '@esbuild/linux-arm': [ '0.25.4' ],
45 silly audit   '@esbuild/linux-arm64': [ '0.25.4' ],
45 silly audit   '@esbuild/linux-ia32': [ '0.25.4' ],
45 silly audit   '@esbuild/linux-loong64': [ '0.25.4' ],
45 silly audit   '@esbuild/linux-mips64el': [ '0.25.4' ],
45 silly audit   '@esbuild/linux-ppc64': [ '0.25.4' ],
45 silly audit   '@esbuild/linux-riscv64': [ '0.25.4' ],
45 silly audit   '@esbuild/linux-s390x': [ '0.25.4' ],
45 silly audit   '@esbuild/linux-x64': [ '0.25.4' ],
45 silly audit   '@esbuild/netbsd-arm64': [ '0.25.4' ],
45 silly audit   '@esbuild/netbsd-x64': [ '0.25.4' ],
45 silly audit   '@esbuild/openbsd-arm64': [ '0.25.4' ],
45 silly audit   '@esbuild/openbsd-x64': [ '0.25.4' ],
45 silly audit   '@esbuild/sunos-x64': [ '0.25.4' ],
45 silly audit   '@esbuild/win32-arm64': [ '0.25.4' ],
45 silly audit   '@esbuild/win32-ia32': [ '0.25.4' ],
45 silly audit   '@esbuild/win32-x64': [ '0.25.4' ],
45 silly audit   '@eslint-community/eslint-utils': [ '4.7.0' ],
45 silly audit   'eslint-visitor-keys': [ '3.4.3', '4.2.0' ],
45 silly audit   '@eslint-community/regexpp': [ '4.12.1' ],
45 silly audit   '@eslint/config-array': [ '0.20.0' ],
45 silly audit   '@eslint/config-helpers': [ '0.2.2' ],
45 silly audit   '@eslint/core': [ '0.13.0' ],
45 silly audit   '@eslint/eslintrc': [ '3.3.1' ],
45 silly audit   '@eslint/js': [ '9.26.0' ],
45 silly audit   '@eslint/object-schema': [ '2.1.6' ],
45 silly audit   '@eslint/plugin-kit': [ '0.2.8' ],
45 silly audit   '@humanfs/core': [ '0.19.1' ],
45 silly audit   '@humanfs/node': [ '0.16.6' ],
45 silly audit   '@humanwhocodes/retry': [ '0.3.1', '0.4.3' ],
45 silly audit   '@humanwhocodes/module-importer': [ '1.0.1' ],
45 silly audit   '@jridgewell/gen-mapping': [ '0.3.8' ],
45 silly audit   '@jridgewell/resolve-uri': [ '3.1.2' ],
45 silly audit   '@jridgewell/set-array': [ '1.2.1' ],
45 silly audit   '@jridgewell/sourcemap-codec': [ '1.5.0' ],
45 silly audit   '@jridgewell/trace-mapping': [ '0.3.25' ],
45 silly audit   '@mediapipe/tasks-vision': [ '0.10.17' ],
45 silly audit   '@modelcontextprotocol/sdk': [ '1.11.2' ],
45 silly audit   '@monogrid/gainmap-js': [ '3.1.0' ],
45 silly audit   '@mui/core-downloads-tracker': [ '7.1.0' ],
45 silly audit   '@mui/material': [ '7.1.0' ],
45 silly audit   '@mui/private-theming': [ '7.1.0' ],
45 silly audit   '@mui/styled-engine': [ '7.1.0' ],
45 silly audit   '@mui/system': [ '7.1.0' ],
45 silly audit   '@mui/types': [ '7.4.2' ],
45 silly audit   '@mui/utils': [ '7.1.0' ],
45 silly audit   '@nodelib/fs.scandir': [ '2.1.5' ],
45 silly audit   '@nodelib/fs.stat': [ '2.0.5' ],
45 silly audit   '@nodelib/fs.walk': [ '1.2.8' ],
45 silly audit   '@popperjs/core': [ '2.11.8' ],
45 silly audit   '@react-three/drei': [ '10.0.7' ],
45 silly audit   '@react-three/fiber': [ '9.1.2' ],
45 silly audit   scheduler: [ '0.25.0', '0.26.0' ],
45 silly audit   '@rollup/rollup-android-arm-eabi': [ '4.40.2' ],
45 silly audit   '@rollup/rollup-android-arm64': [ '4.40.2' ],
45 silly audit   '@rollup/rollup-darwin-arm64': [ '4.40.2' ],
45 silly audit   '@rollup/rollup-darwin-x64': [ '4.40.2' ],
45 silly audit   '@rollup/rollup-freebsd-arm64': [ '4.40.2' ],
45 silly audit   '@rollup/rollup-freebsd-x64': [ '4.40.2' ],
45 silly audit   '@rollup/rollup-linux-arm-gnueabihf': [ '4.40.2' ],
45 silly audit   '@rollup/rollup-linux-arm-musleabihf': [ '4.40.2' ],
45 silly audit   '@rollup/rollup-linux-arm64-gnu': [ '4.40.2' ],
45 silly audit   '@rollup/rollup-linux-arm64-musl': [ '4.40.2' ],
45 silly audit   '@rollup/rollup-linux-loongarch64-gnu': [ '4.40.2' ],
45 silly audit   '@rollup/rollup-linux-powerpc64le-gnu': [ '4.40.2' ],
45 silly audit   '@rollup/rollup-linux-riscv64-gnu': [ '4.40.2' ],
45 silly audit   '@rollup/rollup-linux-riscv64-musl': [ '4.40.2' ],
45 silly audit   '@rollup/rollup-linux-s390x-gnu': [ '4.40.2' ],
45 silly audit   '@rollup/rollup-linux-x64-gnu': [ '4.40.2' ],
45 silly audit   '@rollup/rollup-linux-x64-musl': [ '4.40.2' ],
45 silly audit   '@rollup/rollup-win32-arm64-msvc': [ '4.40.2' ],
45 silly audit   '@rollup/rollup-win32-ia32-msvc': [ '4.40.2' ],
45 silly audit   '@rollup/rollup-win32-x64-msvc': [ '4.40.2' ],
45 silly audit   '@tweenjs/tween.js': [ '23.1.3' ],
45 silly audit   '@types/babel__core': [ '7.20.5' ],
45 silly audit   '@types/babel__generator': [ '7.27.0' ],
45 silly audit   '@types/babel__template': [ '7.4.4' ],
45 silly audit   '@types/babel__traverse': [ '7.20.7' ],
45 silly audit   '@types/draco3d': [ '1.4.10' ],
45 silly audit   '@types/estree': [ '1.0.7' ],
45 silly audit   '@types/json-schema': [ '7.0.15' ],
45 silly audit   '@types/offscreencanvas': [ '2019.7.3' ],
45 silly audit   '@types/parse-json': [ '4.0.2' ],
45 silly audit   '@types/prop-types': [ '15.7.14' ],
45 silly audit   '@types/react': [ '19.1.4' ],
45 silly audit   '@types/react-dom': [ '19.1.5' ],
45 silly audit   '@types/react-reconciler': [ '0.28.9' ],
45 silly audit   '@types/react-transition-group': [ '4.4.12' ],
45 silly audit   '@types/stats.js': [ '0.17.4' ],
45 silly audit   '@types/three': [ '0.176.0' ],
45 silly audit   '@types/webxr': [ '0.5.22' ],
45 silly audit   '@typescript-eslint/eslint-plugin': [ '8.32.1' ],
45 silly audit   ignore: [ '7.0.4', '5.3.2' ],
45 silly audit   '@typescript-eslint/parser': [ '8.32.1' ],
45 silly audit   '@typescript-eslint/scope-manager': [ '8.32.1' ],
45 silly audit   '@typescript-eslint/type-utils': [ '8.32.1' ],
45 silly audit   '@typescript-eslint/types': [ '8.32.1' ],
45 silly audit   '@typescript-eslint/typescript-estree': [ '8.32.1' ],
45 silly audit   'brace-expansion': [ '2.0.1', '1.1.11' ],
45 silly audit   minimatch: [ '9.0.5', '3.1.2' ],
45 silly audit   semver: [ '7.7.2', '6.3.1' ],
45 silly audit   '@typescript-eslint/utils': [ '8.32.1' ],
45 silly audit   '@typescript-eslint/visitor-keys': [ '8.32.1' ],
45 silly audit   '@use-gesture/core': [ '10.3.1' ],
45 silly audit   '@use-gesture/react': [ '10.3.1' ],
45 silly audit   '@vitejs/plugin-react': [ '4.4.1' ],
45 silly audit   '@webgpu/types': [ '0.1.60' ],
45 silly audit   accepts: [ '2.0.0' ],
45 silly audit   acorn: [ '8.14.1' ],
45 silly audit   'acorn-jsx': [ '5.3.2' ],
45 silly audit   ajv: [ '6.12.6' ],
45 silly audit   'ansi-styles': [ '4.3.0' ],
45 silly audit   argparse: [ '2.0.1' ],
45 silly audit   'babel-plugin-macros': [ '3.1.0' ],
45 silly audit   'balanced-match': [ '1.0.2' ],
45 silly audit   'base64-js': [ '1.5.1' ],
45 silly audit   'bidi-js': [ '1.0.3' ],
45 silly audit   'body-parser': [ '2.2.0' ],
45 silly audit   braces: [ '3.0.3' ],
45 silly audit   browserslist: [ '4.24.5' ],
45 silly audit   buffer: [ '6.0.3' ],
45 silly audit   bytes: [ '3.1.2' ],
45 silly audit   'call-bind-apply-helpers': [ '1.0.2' ],
45 silly audit   'call-bound': [ '1.0.4' ],
45 silly audit   callsites: [ '3.1.0' ],
45 silly audit   'camera-controls': [ '2.10.1' ],
45 silly audit   'caniuse-lite': [ '1.0.30001718' ],
45 silly audit   chalk: [ '4.1.2' ],
45 silly audit   clsx: [ '2.1.1' ],
45 silly audit   'color-convert': [ '2.0.1' ],
45 silly audit   'color-name': [ '1.1.4' ],
45 silly audit   'concat-map': [ '0.0.1' ],
45 silly audit   'content-disposition': [ '1.0.0' ],
45 silly audit   'content-type': [ '1.0.5' ],
45 silly audit   cookie: [ '0.7.2' ],
45 silly audit   'cookie-signature': [ '1.2.2' ],
45 silly audit   cors: [ '2.8.5' ],
45 silly audit   cosmiconfig: [ '7.1.0' ],
45 silly audit   yaml: [ '1.10.2', '2.7.1' ],
45 silly audit   'cross-env': [ '7.0.3' ],
45 silly audit   'cross-spawn': [ '7.0.6' ],
45 silly audit   csstype: [ '3.1.3' ],
45 silly audit   debug: [ '4.4.0' ],
45 silly audit   'deep-is': [ '0.1.4' ],
45 silly audit   depd: [ '2.0.0' ],
45 silly audit   'detect-gpu': [ '5.0.70' ],
45 silly audit   'dom-helpers': [ '5.2.1' ],
45 silly audit   draco3d: [ '1.5.7' ],
45 silly audit   'dunder-proto': [ '1.0.1' ],
45 silly audit   'ee-first': [ '1.1.1' ],
45 silly audit   'electron-to-chromium': [ '1.5.152' ],
45 silly audit   encodeurl: [ '2.0.0' ],
45 silly audit   'error-ex': [ '1.3.2' ],
45 silly audit   'es-define-property': [ '1.0.1' ],
45 silly audit   'es-errors': [ '1.3.0' ],
45 silly audit   'es-object-atoms': [ '1.1.1' ],
45 silly audit   esbuild: [ '0.25.4' ],
45 silly audit   escalade: [ '3.2.0' ],
45 silly audit   'escape-html': [ '1.0.3' ],
45 silly audit   'escape-string-regexp': [ '4.0.0' ],
45 silly audit   eslint: [ '9.26.0' ],
45 silly audit   'eslint-plugin-react-hooks': [ '5.2.0' ],
45 silly audit   'eslint-plugin-react-refresh': [ '0.4.20' ],
45 silly audit   'eslint-scope': [ '8.3.0' ],
45 silly audit   espree: [ '10.3.0' ],
45 silly audit   esquery: [ '1.6.0' ],
45 silly audit   esrecurse: [ '4.3.0' ],
45 silly audit   estraverse: [ '5.3.0' ],
45 silly audit   esutils: [ '2.0.3' ],
45 silly audit   etag: [ '1.8.1' ],
45 silly audit   eventsource: [ '3.0.7' ],
45 silly audit   'eventsource-parser': [ '3.0.1' ],
45 silly audit   express: [ '5.1.0' ],
45 silly audit   'express-rate-limit': [ '7.5.0' ],
45 silly audit   'fast-deep-equal': [ '3.1.3' ],
45 silly audit   'fast-glob': [ '3.3.3' ],
45 silly audit   'glob-parent': [ '5.1.2', '6.0.2' ],
45 silly audit   'fast-json-stable-stringify': [ '2.1.0' ],
45 silly audit   'fast-levenshtein': [ '2.0.6' ],
45 silly audit   fastq: [ '1.19.1' ],
45 silly audit   fflate: [ '0.8.2', '0.6.10' ],
45 silly audit   'file-entry-cache': [ '8.0.0' ],
45 silly audit   'fill-range': [ '7.1.1' ],
45 silly audit   finalhandler: [ '2.1.0' ],
45 silly audit   'find-root': [ '1.1.0' ],
45 silly audit   'find-up': [ '5.0.0' ],
45 silly audit   'flat-cache': [ '4.0.1' ],
45 silly audit   flatted: [ '3.3.3' ],
45 silly audit   forwarded: [ '0.2.0' ],
45 silly audit   fresh: [ '2.0.0' ],
45 silly audit   fsevents: [ '2.3.3' ],
45 silly audit   'function-bind': [ '1.1.2' ],
45 silly audit   gensync: [ '1.0.0-beta.2' ],
45 silly audit   'get-intrinsic': [ '1.3.0' ],
45 silly audit   'get-proto': [ '1.0.1' ],
45 silly audit   'glsl-noise': [ '0.0.0' ],
45 silly audit   gopd: [ '1.2.0' ],
45 silly audit   graphemer: [ '1.4.0' ],
45 silly audit   'has-flag': [ '4.0.0' ],
45 silly audit   'has-symbols': [ '1.1.0' ],
45 silly audit   hasown: [ '2.0.2' ],
45 silly audit   'hls.js': [ '1.6.2' ],
45 silly audit   'hoist-non-react-statics': [ '3.3.2' ],
45 silly audit   'react-is': [ '16.13.1', '19.1.0' ],
45 silly audit   'http-errors': [ '2.0.0' ],
45 silly audit   'iconv-lite': [ '0.6.3' ],
45 silly audit   ieee754: [ '1.2.1' ],
45 silly audit   immediate: [ '3.0.6' ],
45 silly audit   'import-fresh': [ '3.3.1' ],
45 silly audit   imurmurhash: [ '0.1.4' ],
45 silly audit   inherits: [ '2.0.4' ],
45 silly audit   'ipaddr.js': [ '1.9.1' ],
45 silly audit   'is-arrayish': [ '0.2.1' ],
45 silly audit   'is-core-module': [ '2.16.1' ],
45 silly audit   'is-extglob': [ '2.1.1' ],
45 silly audit   'is-glob': [ '4.0.3' ],
45 silly audit   'is-number': [ '7.0.0' ],
45 silly audit   'is-promise': [ '4.0.0', '2.2.2' ],
45 silly audit   isexe: [ '2.0.0' ],
45 silly audit   'its-fine': [ '2.0.0' ],
45 silly audit   'js-tokens': [ '4.0.0' ],
45 silly audit   'js-yaml': [ '4.1.0' ],
45 silly audit   jsesc: [ '3.1.0' ],
45 silly audit   'json-buffer': [ '3.0.1' ],
45 silly audit   'json-parse-even-better-errors': [ '2.3.1' ],
45 silly audit   'json-schema-traverse': [ '0.4.1' ],
45 silly audit   'json-stable-stringify-without-jsonify': [ '1.0.1' ],
45 silly audit   json5: [ '2.2.3' ],
45 silly audit   keyv: [ '4.5.4' ],
45 silly audit   levn: [ '0.4.1' ],
45 silly audit   lie: [ '3.3.0' ],
45 silly audit   'lines-and-columns': [ '1.2.4' ],
45 silly audit   'locate-path': [ '6.0.0' ],
45 silly audit   'lodash.merge': [ '4.6.2' ],
45 silly audit   'loose-envify': [ '1.4.0' ],
45 silly audit   'lru-cache': [ '5.1.1' ],
45 silly audit   maath: [ '0.10.8' ],
45 silly audit   'math-intrinsics': [ '1.1.0' ],
45 silly audit   'media-typer': [ '1.1.0' ],
45 silly audit   'merge-descriptors': [ '2.0.0' ],
45 silly audit   merge2: [ '1.4.1' ],
45 silly audit   meshline: [ '3.3.1' ],
45 silly audit   meshoptimizer: [ '0.18.1' ],
45 silly audit   micromatch: [ '4.0.8' ],
45 silly audit   'mime-db': [ '1.54.0' ],
45 silly audit   'mime-types': [ '3.0.1' ],
45 silly audit   ms: [ '2.1.3' ],
45 silly audit   nanoid: [ '3.3.11' ],
45 silly audit   'natural-compare': [ '1.4.0' ],
45 silly audit   negotiator: [ '1.0.0' ],
45 silly audit   'node-releases': [ '2.0.19' ],
45 silly audit   'object-assign': [ '4.1.1' ],
45 silly audit   'object-inspect': [ '1.13.4' ],
45 silly audit   'on-finished': [ '2.4.1' ],
45 silly audit   once: [ '1.4.0' ],
45 silly audit   optionator: [ '0.9.4' ],
45 silly audit   'p-limit': [ '3.1.0' ],
45 silly audit   'p-locate': [ '5.0.0' ],
45 silly audit   'parent-module': [ '1.0.1' ],
45 silly audit   'parse-json': [ '5.2.0' ],
45 silly audit   parseurl: [ '1.3.3' ],
45 silly audit   'path-exists': [ '4.0.0' ],
45 silly audit   'path-key': [ '3.1.1' ],
45 silly audit   'path-parse': [ '1.0.7' ],
45 silly audit   'path-to-regexp': [ '8.2.0' ],
45 silly audit   'path-type': [ '4.0.0' ],
45 silly audit   picocolors: [ '1.1.1' ],
45 silly audit   picomatch: [ '2.3.1', '4.0.2' ],
45 silly audit   'pkce-challenge': [ '5.0.0' ],
45 silly audit   potpack: [ '1.0.2' ],
45 silly audit   'prelude-ls': [ '1.2.1' ],
45 silly audit   'promise-worker-transferable': [ '1.0.4' ],
45 silly audit   'prop-types': [ '15.8.1' ],
45 silly audit   'proxy-addr': [ '2.0.7' ],
45 silly audit   punycode: [ '2.3.1' ],
45 silly audit   qs: [ '6.14.0' ],
45 silly audit   'queue-microtask': [ '1.2.3' ],
45 silly audit   'range-parser': [ '1.2.1' ],
45 silly audit   'raw-body': [ '3.0.0' ],
45 silly audit   react: [ '19.1.0' ],
45 silly audit   'react-dom': [ '19.1.0' ],
45 silly audit   'react-reconciler': [ '0.31.0' ],
45 silly audit   'react-refresh': [ '0.17.0' ],
45 silly audit   'react-transition-group': [ '4.4.5' ],
45 silly audit   'react-use-measure': [ '2.1.7' ],
45 silly audit   'require-from-string': [ '2.0.2' ],
45 silly audit   resolve: [ '1.22.10' ],
45 silly audit   'resolve-from': [ '4.0.0' ],
45 silly audit   reusify: [ '1.1.0' ],
45 silly audit   rollup: [ '4.40.2' ],
45 silly audit   router: [ '2.2.0' ],
45 silly audit   'run-parallel': [ '1.2.0' ],
45 silly audit   'safe-buffer': [ '5.2.1' ],
45 silly audit   'safer-buffer': [ '2.1.2' ],
45 silly audit   send: [ '1.2.0' ],
45 silly audit   'serve-static': [ '2.2.0' ],
45 silly audit   setprototypeof: [ '1.2.0' ],
45 silly audit   'shebang-command': [ '2.0.0' ],
45 silly audit   'shebang-regex': [ '3.0.0' ],
45 silly audit   'side-channel': [ '1.1.0' ],
45 silly audit   'side-channel-list': [ '1.0.0' ],
45 silly audit   'side-channel-map': [ '1.0.1' ],
45 silly audit   'side-channel-weakmap': [ '1.0.2' ],
45 silly audit   'source-map': [ '0.5.7' ],
45 silly audit   'source-map-js': [ '1.2.1' ],
45 silly audit   'stats-gl': [ '2.4.2' ],
45 silly audit   three: [ '0.170.0', '0.176.0' ],
45 silly audit   'stats.js': [ '0.17.0' ],
45 silly audit   statuses: [ '2.0.1' ],
45 silly audit   'strip-json-comments': [ '3.1.1' ],
45 silly audit   stylis: [ '4.2.0' ],
45 silly audit   'supports-color': [ '7.2.0' ],
45 silly audit   'supports-preserve-symlinks-flag': [ '1.0.0' ],
45 silly audit   'suspend-react': [ '0.1.3' ],
45 silly audit   'three-mesh-bvh': [ '0.8.3' ],
45 silly audit   'three-stdlib': [ '2.36.0' ],
45 silly audit   tinyglobby: [ '0.2.13' ],
45 silly audit   fdir: [ '6.4.4' ],
45 silly audit   'to-regex-range': [ '5.0.1' ],
45 silly audit   toidentifier: [ '1.0.1' ],
45 silly audit   'troika-three-text': [ '0.52.4' ],
45 silly audit   'troika-three-utils': [ '0.52.4' ],
45 silly audit   'troika-worker-utils': [ '0.52.0' ],
45 silly audit   'ts-api-utils': [ '2.1.0' ],
45 silly audit   'tunnel-rat': [ '0.1.2' ],
45 silly audit   zustand: [ '4.5.6', '5.0.4' ],
45 silly audit   'type-check': [ '0.4.0' ],
45 silly audit   'type-is': [ '2.0.1' ],
45 silly audit   typescript: [ '5.8.3' ],
45 silly audit   'typescript-eslint': [ '8.32.1' ],
45 silly audit   unpipe: [ '1.0.0' ],
45 silly audit   'update-browserslist-db': [ '1.1.3' ],
45 silly audit   'uri-js': [ '4.4.1' ],
45 silly audit   'use-sync-external-store': [ '1.5.0' ],
45 silly audit   'utility-types': [ '3.11.0' ],
45 silly audit   vary: [ '1.1.2' ],
45 silly audit   vite: [ '6.3.5' ],
45 silly audit   'webgl-constants': [ '1.1.1' ],
45 silly audit   'webgl-sdf-generator': [ '1.1.1' ],
45 silly audit   which: [ '2.0.2' ],
45 silly audit   'word-wrap': [ '1.2.5' ],
45 silly audit   wrappy: [ '1.0.2' ],
45 silly audit   yallist: [ '3.1.1' ],
45 silly audit   'yocto-queue': [ '0.1.0' ],
45 silly audit   zod: [ '3.24.4' ],
45 silly audit   'zod-to-json-schema': [ '3.24.5' ],
45 silly audit   autoprefixer: [ '10.4.21' ],
45 silly audit   postcss: [ '8.5.3' ],
45 silly audit   tailwindcss: [ '4.1.6' ],
45 silly audit   'fraction.js': [ '4.3.7' ],
45 silly audit   'normalize-range': [ '0.1.2' ],
45 silly audit   'postcss-value-parser': [ '4.2.0' ]
45 silly audit }
46 verbose reify failed optional dependency /home/user/room-planner/node_modules/fsevents
47 silly reify mark deleted [ '/home/user/room-planner/node_modules/fsevents' ]
48 verbose reify failed optional dependency /home/user/room-planner/node_modules/@rollup/rollup-win32-x64-msvc
49 silly reify mark deleted [
49 silly reify   '/home/user/room-planner/node_modules/@rollup/rollup-win32-x64-msvc'
49 silly reify ]
50 verbose reify failed optional dependency /home/user/room-planner/node_modules/@rollup/rollup-win32-ia32-msvc
51 silly reify mark deleted [
51 silly reify   '/home/user/room-planner/node_modules/@rollup/rollup-win32-ia32-msvc'
51 silly reify ]
52 verbose reify failed optional dependency /home/user/room-planner/node_modules/@rollup/rollup-win32-arm64-msvc
53 silly reify mark deleted [
53 silly reify   '/home/user/room-planner/node_modules/@rollup/rollup-win32-arm64-msvc'
53 silly reify ]
54 verbose reify failed optional dependency /home/user/room-planner/node_modules/@rollup/rollup-linux-s390x-gnu
55 silly reify mark deleted [
55 silly reify   '/home/user/room-planner/node_modules/@rollup/rollup-linux-s390x-gnu'
55 silly reify ]
56 verbose reify failed optional dependency /home/user/room-planner/node_modules/@rollup/rollup-linux-riscv64-musl
57 silly reify mark deleted [
57 silly reify   '/home/user/room-planner/node_modules/@rollup/rollup-linux-riscv64-musl'
57 silly reify ]
58 verbose reify failed optional dependency /home/user/room-planner/node_modules/@rollup/rollup-linux-riscv64-gnu
59 silly reify mark deleted [
59 silly reify   '/home/user/room-planner/node_modules/@rollup/rollup-linux-riscv64-gnu'
59 silly reify ]
60 verbose reify failed optional dependency /home/user/room-planner/node_modules/@rollup/rollup-linux-powerpc64le-gnu
61 silly reify mark deleted [
61 silly reify   '/home/user/room-planner/node_modules/@rollup/rollup-linux-powerpc64le-gnu'
61 silly reify ]
62 verbose reify failed optional dependency /home/user/room-planner/node_modules/@rollup/rollup-linux-loongarch64-gnu
63 silly reify mark deleted [
63 silly reify   '/home/user/room-planner/node_modules/@rollup/rollup-linux-loongarch64-gnu'
63 silly reify ]
64 verbose reify failed optional dependency /home/user/room-planner/node_modules/@rollup/rollup-linux-arm64-musl
65 silly reify mark deleted [
65 silly reify   '/home/user/room-planner/node_modules/@rollup/rollup-linux-arm64-musl'
65 silly reify ]
66 verbose reify failed optional dependency /home/user/room-planner/node_modules/@rollup/rollup-linux-arm64-gnu
67 silly reify mark deleted [
67 silly reify   '/home/user/room-planner/node_modules/@rollup/rollup-linux-arm64-gnu'
67 silly reify ]
68 verbose reify failed optional dependency /home/user/room-planner/node_modules/@rollup/rollup-linux-arm-musleabihf
69 silly reify mark deleted [
69 silly reify   '/home/user/room-planner/node_modules/@rollup/rollup-linux-arm-musleabihf'
69 silly reify ]
70 verbose reify failed optional dependency /home/user/room-planner/node_modules/@rollup/rollup-linux-arm-gnueabihf
71 silly reify mark deleted [
71 silly reify   '/home/user/room-planner/node_modules/@rollup/rollup-linux-arm-gnueabihf'
71 silly reify ]
72 verbose reify failed optional dependency /home/user/room-planner/node_modules/@rollup/rollup-freebsd-x64
73 silly reify mark deleted [ '/home/user/room-planner/node_modules/@rollup/rollup-freebsd-x64' ]
74 verbose reify failed optional dependency /home/user/room-planner/node_modules/@rollup/rollup-freebsd-arm64
75 silly reify mark deleted [ '/home/user/room-planner/node_modules/@rollup/rollup-freebsd-arm64' ]
76 verbose reify failed optional dependency /home/user/room-planner/node_modules/@rollup/rollup-darwin-x64
77 silly reify mark deleted [ '/home/user/room-planner/node_modules/@rollup/rollup-darwin-x64' ]
78 verbose reify failed optional dependency /home/user/room-planner/node_modules/@rollup/rollup-darwin-arm64
79 silly reify mark deleted [ '/home/user/room-planner/node_modules/@rollup/rollup-darwin-arm64' ]
80 verbose reify failed optional dependency /home/user/room-planner/node_modules/@rollup/rollup-android-arm64
81 silly reify mark deleted [ '/home/user/room-planner/node_modules/@rollup/rollup-android-arm64' ]
82 verbose reify failed optional dependency /home/user/room-planner/node_modules/@rollup/rollup-android-arm-eabi
83 silly reify mark deleted [
83 silly reify   '/home/user/room-planner/node_modules/@rollup/rollup-android-arm-eabi'
83 silly reify ]
84 verbose reify failed optional dependency /home/user/room-planner/node_modules/@esbuild/win32-x64
85 silly reify mark deleted [ '/home/user/room-planner/node_modules/@esbuild/win32-x64' ]
86 verbose reify failed optional dependency /home/user/room-planner/node_modules/@esbuild/win32-ia32
87 silly reify mark deleted [ '/home/user/room-planner/node_modules/@esbuild/win32-ia32' ]
88 verbose reify failed optional dependency /home/user/room-planner/node_modules/@esbuild/win32-arm64
89 silly reify mark deleted [ '/home/user/room-planner/node_modules/@esbuild/win32-arm64' ]
90 verbose reify failed optional dependency /home/user/room-planner/node_modules/@esbuild/sunos-x64
91 silly reify mark deleted [ '/home/user/room-planner/node_modules/@esbuild/sunos-x64' ]
92 verbose reify failed optional dependency /home/user/room-planner/node_modules/@esbuild/openbsd-x64
93 silly reify mark deleted [ '/home/user/room-planner/node_modules/@esbuild/openbsd-x64' ]
94 verbose reify failed optional dependency /home/user/room-planner/node_modules/@esbuild/openbsd-arm64
95 silly reify mark deleted [ '/home/user/room-planner/node_modules/@esbuild/openbsd-arm64' ]
96 verbose reify failed optional dependency /home/user/room-planner/node_modules/@esbuild/netbsd-x64
97 silly reify mark deleted [ '/home/user/room-planner/node_modules/@esbuild/netbsd-x64' ]
98 verbose reify failed optional dependency /home/user/room-planner/node_modules/@esbuild/netbsd-arm64
99 silly reify mark deleted [ '/home/user/room-planner/node_modules/@esbuild/netbsd-arm64' ]
100 verbose reify failed optional dependency /home/user/room-planner/node_modules/@esbuild/linux-s390x
101 silly reify mark deleted [ '/home/user/room-planner/node_modules/@esbuild/linux-s390x' ]
102 verbose reify failed optional dependency /home/user/room-planner/node_modules/@esbuild/linux-riscv64
103 silly reify mark deleted [ '/home/user/room-planner/node_modules/@esbuild/linux-riscv64' ]
104 verbose reify failed optional dependency /home/user/room-planner/node_modules/@esbuild/linux-ppc64
105 silly reify mark deleted [ '/home/user/room-planner/node_modules/@esbuild/linux-ppc64' ]
106 verbose reify failed optional dependency /home/user/room-planner/node_modules/@esbuild/linux-mips64el
107 silly reify mark deleted [ '/home/user/room-planner/node_modules/@esbuild/linux-mips64el' ]
108 verbose reify failed optional dependency /home/user/room-planner/node_modules/@esbuild/linux-loong64
109 silly reify mark deleted [ '/home/user/room-planner/node_modules/@esbuild/linux-loong64' ]
110 verbose reify failed optional dependency /home/user/room-planner/node_modules/@esbuild/linux-ia32
111 silly reify mark deleted [ '/home/user/room-planner/node_modules/@esbuild/linux-ia32' ]
112 verbose reify failed optional dependency /home/user/room-planner/node_modules/@esbuild/linux-arm64
113 silly reify mark deleted [ '/home/user/room-planner/node_modules/@esbuild/linux-arm64' ]
114 verbose reify failed optional dependency /home/user/room-planner/node_modules/@esbuild/linux-arm
115 silly reify mark deleted [ '/home/user/room-planner/node_modules/@esbuild/linux-arm' ]
116 verbose reify failed optional dependency /home/user/room-planner/node_modules/@esbuild/freebsd-x64
117 silly reify mark deleted [ '/home/user/room-planner/node_modules/@esbuild/freebsd-x64' ]
118 verbose reify failed optional dependency /home/user/room-planner/node_modules/@esbuild/freebsd-arm64
119 silly reify mark deleted [ '/home/user/room-planner/node_modules/@esbuild/freebsd-arm64' ]
120 verbose reify failed optional dependency /home/user/room-planner/node_modules/@esbuild/darwin-x64
121 silly reify mark deleted [ '/home/user/room-planner/node_modules/@esbuild/darwin-x64' ]
122 verbose reify failed optional dependency /home/user/room-planner/node_modules/@esbuild/darwin-arm64
123 silly reify mark deleted [ '/home/user/room-planner/node_modules/@esbuild/darwin-arm64' ]
124 verbose reify failed optional dependency /home/user/room-planner/node_modules/@esbuild/android-x64
125 silly reify mark deleted [ '/home/user/room-planner/node_modules/@esbuild/android-x64' ]
126 verbose reify failed optional dependency /home/user/room-planner/node_modules/@esbuild/android-arm64
127 silly reify mark deleted [ '/home/user/room-planner/node_modules/@esbuild/android-arm64' ]
128 verbose reify failed optional dependency /home/user/room-planner/node_modules/@esbuild/android-arm
129 silly reify mark deleted [ '/home/user/room-planner/node_modules/@esbuild/android-arm' ]
130 verbose reify failed optional dependency /home/user/room-planner/node_modules/@esbuild/aix-ppc64
131 silly reify mark deleted [ '/home/user/room-planner/node_modules/@esbuild/aix-ppc64' ]
132 silly tarball no local data for postcss-value-parser@https://registry.npmjs.org/postcss-value-parser/-/postcss-value-parser-4.2.0.tgz. Extracting by manifest.
133 silly tarball no local data for normalize-range@https://registry.npmjs.org/normalize-range/-/normalize-range-0.1.2.tgz. Extracting by manifest.
134 silly tarball no local data for fraction.js@https://registry.npmjs.org/fraction.js/-/fraction.js-4.3.7.tgz. Extracting by manifest.
135 silly tarball no local data for tailwindcss@https://registry.npmjs.org/tailwindcss/-/tailwindcss-4.1.6.tgz. Extracting by manifest.
136 silly tarball no local data for autoprefixer@https://registry.npmjs.org/autoprefixer/-/autoprefixer-10.4.21.tgz. Extracting by manifest.
137 http fetch POST 200 https://registry.npmjs.org/-/npm/v1/security/advisories/bulk 79ms
138 silly audit report {}
139 http fetch GET 200 https://registry.npmjs.org/normalize-range/-/normalize-range-0.1.2.tgz 129ms (cache miss)
140 http fetch GET 200 https://registry.npmjs.org/postcss-value-parser/-/postcss-value-parser-4.2.0.tgz 155ms (cache miss)
141 http fetch GET 200 https://registry.npmjs.org/fraction.js/-/fraction.js-4.3.7.tgz 177ms (cache miss)
142 http fetch GET 200 https://registry.npmjs.org/tailwindcss/-/tailwindcss-4.1.6.tgz 222ms (cache miss)
143 http fetch GET 200 https://registry.npmjs.org/autoprefixer/-/autoprefixer-10.4.21.tgz 228ms (cache miss)
144 silly ADD node_modules/postcss-value-parser
145 silly ADD node_modules/normalize-range
146 silly ADD node_modules/fraction.js
147 silly ADD node_modules/tailwindcss
148 silly ADD node_modules/autoprefixer
149 silly ADD
150 silly ADD
151 silly ADD
152 silly ADD
153 silly ADD
154 silly ADD
155 silly ADD
156 silly ADD
157 silly ADD
158 silly ADD
159 silly ADD
160 silly ADD
161 silly ADD
162 silly ADD
163 silly ADD
164 silly ADD
165 silly ADD
166 silly ADD
167 silly ADD
168 silly ADD
169 silly ADD
170 silly ADD
171 silly ADD
172 silly ADD
173 silly ADD
174 silly ADD
175 silly ADD
176 silly ADD
177 silly ADD
178 silly ADD
179 silly ADD
180 silly ADD
181 silly ADD
182 silly ADD
183 silly ADD
184 silly ADD
185 silly ADD
186 silly ADD
187 silly ADD
188 silly ADD
189 silly ADD
190 silly ADD
191 silly ADD
192 verbose cwd /home/user/room-planner
193 verbose os Linux 6.1.102
194 verbose node v20.19.1
195 verbose npm  v10.8.2
196 verbose exit 0
197 info ok
