0 verbose cli /usr/bin/node /usr/bin/npm
1 info using npm@10.8.2
2 info using node@v20.19.1
3 silly config load:file:/usr/lib/node_modules/npm/npmrc
4 silly config load:file:/home/user/room-planner/.npmrc
5 silly config load:file:/home/user/.npmrc
6 silly config load:file:/usr/etc/npmrc
7 verbose title npm install @types/three
8 verbose argv "install" "--save-dev" "@types/three"
9 verbose logfile logs-max:10 dir:/home/user/.npm/_logs/2025-05-13T18_10_03_636Z-
10 verbose logfile /home/user/.npm/_logs/2025-05-13T18_10_03_636Z-debug-0.log
11 silly packumentCache heap:530317312 maxSize:132579328 maxEntrySize:66289664
12 silly logfile done cleaning log files
13 silly idealTree buildDeps
14 silly fetch manifest @types/three@*
15 silly packumentCache full:https://registry.npmjs.org/@types%2fthree cache-miss
16 http fetch GET 200 https://registry.npmjs.org/@types%2fthree 208ms (cache hit)
17 silly packumentCache full:https://registry.npmjs.org/@types%2fthree set size:617058 disposed:false
18 silly placeDep ROOT @types/three@0.176.0 REPLACE for: room-planner@0.0.0 want: *
19 silly reify moves {}
20 silly audit bulk request {
20 silly audit   '@ampproject/remapping': [ '2.3.0' ],
20 silly audit   '@babel/code-frame': [ '7.27.1' ],
20 silly audit   '@babel/compat-data': [ '7.27.2' ],
20 silly audit   '@babel/core': [ '7.27.1' ],
20 silly audit   '@babel/generator': [ '7.27.1' ],
20 silly audit   '@babel/helper-compilation-targets': [ '7.27.2' ],
20 silly audit   '@babel/helper-module-imports': [ '7.27.1' ],
20 silly audit   '@babel/helper-module-transforms': [ '7.27.1' ],
20 silly audit   '@babel/helper-plugin-utils': [ '7.27.1' ],
20 silly audit   '@babel/helper-string-parser': [ '7.27.1' ],
20 silly audit   '@babel/helper-validator-identifier': [ '7.27.1' ],
20 silly audit   '@babel/helper-validator-option': [ '7.27.1' ],
20 silly audit   '@babel/helpers': [ '7.27.1' ],
20 silly audit   '@babel/parser': [ '7.27.2' ],
20 silly audit   '@babel/plugin-transform-react-jsx-self': [ '7.27.1' ],
20 silly audit   '@babel/plugin-transform-react-jsx-source': [ '7.27.1' ],
20 silly audit   '@babel/runtime': [ '7.27.1' ],
20 silly audit   '@babel/template': [ '7.27.2' ],
20 silly audit   '@babel/traverse': [ '7.27.1' ],
20 silly audit   globals: [ '11.12.0', '14.0.0', '16.1.0' ],
20 silly audit   '@babel/types': [ '7.27.1' ],
20 silly audit   '@dimforge/rapier3d-compat': [ '0.12.0' ],
20 silly audit   '@emotion/babel-plugin': [ '11.13.5' ],
20 silly audit   'convert-source-map': [ '1.9.0', '2.0.0' ],
20 silly audit   '@emotion/cache': [ '11.14.0' ],
20 silly audit   '@emotion/hash': [ '0.9.2' ],
20 silly audit   '@emotion/is-prop-valid': [ '1.3.1' ],
20 silly audit   '@emotion/memoize': [ '0.9.0' ],
20 silly audit   '@emotion/react': [ '11.14.0' ],
20 silly audit   '@emotion/serialize': [ '1.3.3' ],
20 silly audit   '@emotion/sheet': [ '1.4.0' ],
20 silly audit   '@emotion/styled': [ '11.14.0' ],
20 silly audit   '@emotion/unitless': [ '0.10.0' ],
20 silly audit   '@emotion/use-insertion-effect-with-fallbacks': [ '1.2.0' ],
20 silly audit   '@emotion/utils': [ '1.4.2' ],
20 silly audit   '@emotion/weak-memoize': [ '0.4.0' ],
20 silly audit   '@esbuild/aix-ppc64': [ '0.25.4' ],
20 silly audit   '@esbuild/android-arm': [ '0.25.4' ],
20 silly audit   '@esbuild/android-arm64': [ '0.25.4' ],
20 silly audit   '@esbuild/android-x64': [ '0.25.4' ],
20 silly audit   '@esbuild/darwin-arm64': [ '0.25.4' ],
20 silly audit   '@esbuild/darwin-x64': [ '0.25.4' ],
20 silly audit   '@esbuild/freebsd-arm64': [ '0.25.4' ],
20 silly audit   '@esbuild/freebsd-x64': [ '0.25.4' ],
20 silly audit   '@esbuild/linux-arm': [ '0.25.4' ],
20 silly audit   '@esbuild/linux-arm64': [ '0.25.4' ],
20 silly audit   '@esbuild/linux-ia32': [ '0.25.4' ],
20 silly audit   '@esbuild/linux-loong64': [ '0.25.4' ],
20 silly audit   '@esbuild/linux-mips64el': [ '0.25.4' ],
20 silly audit   '@esbuild/linux-ppc64': [ '0.25.4' ],
20 silly audit   '@esbuild/linux-riscv64': [ '0.25.4' ],
20 silly audit   '@esbuild/linux-s390x': [ '0.25.4' ],
20 silly audit   '@esbuild/linux-x64': [ '0.25.4' ],
20 silly audit   '@esbuild/netbsd-arm64': [ '0.25.4' ],
20 silly audit   '@esbuild/netbsd-x64': [ '0.25.4' ],
20 silly audit   '@esbuild/openbsd-arm64': [ '0.25.4' ],
20 silly audit   '@esbuild/openbsd-x64': [ '0.25.4' ],
20 silly audit   '@esbuild/sunos-x64': [ '0.25.4' ],
20 silly audit   '@esbuild/win32-arm64': [ '0.25.4' ],
20 silly audit   '@esbuild/win32-ia32': [ '0.25.4' ],
20 silly audit   '@esbuild/win32-x64': [ '0.25.4' ],
20 silly audit   '@eslint-community/eslint-utils': [ '4.7.0' ],
20 silly audit   'eslint-visitor-keys': [ '3.4.3', '4.2.0' ],
20 silly audit   '@eslint-community/regexpp': [ '4.12.1' ],
20 silly audit   '@eslint/config-array': [ '0.20.0' ],
20 silly audit   '@eslint/config-helpers': [ '0.2.2' ],
20 silly audit   '@eslint/core': [ '0.13.0' ],
20 silly audit   '@eslint/eslintrc': [ '3.3.1' ],
20 silly audit   '@eslint/js': [ '9.26.0' ],
20 silly audit   '@eslint/object-schema': [ '2.1.6' ],
20 silly audit   '@eslint/plugin-kit': [ '0.2.8' ],
20 silly audit   '@humanfs/core': [ '0.19.1' ],
20 silly audit   '@humanfs/node': [ '0.16.6' ],
20 silly audit   '@humanwhocodes/retry': [ '0.3.1', '0.4.3' ],
20 silly audit   '@humanwhocodes/module-importer': [ '1.0.1' ],
20 silly audit   '@jridgewell/gen-mapping': [ '0.3.8' ],
20 silly audit   '@jridgewell/resolve-uri': [ '3.1.2' ],
20 silly audit   '@jridgewell/set-array': [ '1.2.1' ],
20 silly audit   '@jridgewell/sourcemap-codec': [ '1.5.0' ],
20 silly audit   '@jridgewell/trace-mapping': [ '0.3.25' ],
20 silly audit   '@mediapipe/tasks-vision': [ '0.10.17' ],
20 silly audit   '@modelcontextprotocol/sdk': [ '1.11.2' ],
20 silly audit   '@monogrid/gainmap-js': [ '3.1.0' ],
20 silly audit   '@mui/core-downloads-tracker': [ '7.1.0' ],
20 silly audit   '@mui/material': [ '7.1.0' ],
20 silly audit   '@mui/private-theming': [ '7.1.0' ],
20 silly audit   '@mui/styled-engine': [ '7.1.0' ],
20 silly audit   '@mui/system': [ '7.1.0' ],
20 silly audit   '@mui/types': [ '7.4.2' ],
20 silly audit   '@mui/utils': [ '7.1.0' ],
20 silly audit   '@nodelib/fs.scandir': [ '2.1.5' ],
20 silly audit   '@nodelib/fs.stat': [ '2.0.5' ],
20 silly audit   '@nodelib/fs.walk': [ '1.2.8' ],
20 silly audit   '@popperjs/core': [ '2.11.8' ],
20 silly audit   '@react-three/drei': [ '10.0.7' ],
20 silly audit   '@react-three/fiber': [ '9.1.2' ],
20 silly audit   scheduler: [ '0.25.0', '0.26.0' ],
20 silly audit   '@rollup/rollup-android-arm-eabi': [ '4.40.2' ],
20 silly audit   '@rollup/rollup-android-arm64': [ '4.40.2' ],
20 silly audit   '@rollup/rollup-darwin-arm64': [ '4.40.2' ],
20 silly audit   '@rollup/rollup-darwin-x64': [ '4.40.2' ],
20 silly audit   '@rollup/rollup-freebsd-arm64': [ '4.40.2' ],
20 silly audit   '@rollup/rollup-freebsd-x64': [ '4.40.2' ],
20 silly audit   '@rollup/rollup-linux-arm-gnueabihf': [ '4.40.2' ],
20 silly audit   '@rollup/rollup-linux-arm-musleabihf': [ '4.40.2' ],
20 silly audit   '@rollup/rollup-linux-arm64-gnu': [ '4.40.2' ],
20 silly audit   '@rollup/rollup-linux-arm64-musl': [ '4.40.2' ],
20 silly audit   '@rollup/rollup-linux-loongarch64-gnu': [ '4.40.2' ],
20 silly audit   '@rollup/rollup-linux-powerpc64le-gnu': [ '4.40.2' ],
20 silly audit   '@rollup/rollup-linux-riscv64-gnu': [ '4.40.2' ],
20 silly audit   '@rollup/rollup-linux-riscv64-musl': [ '4.40.2' ],
20 silly audit   '@rollup/rollup-linux-s390x-gnu': [ '4.40.2' ],
20 silly audit   '@rollup/rollup-linux-x64-gnu': [ '4.40.2' ],
20 silly audit   '@rollup/rollup-linux-x64-musl': [ '4.40.2' ],
20 silly audit   '@rollup/rollup-win32-arm64-msvc': [ '4.40.2' ],
20 silly audit   '@rollup/rollup-win32-ia32-msvc': [ '4.40.2' ],
20 silly audit   '@rollup/rollup-win32-x64-msvc': [ '4.40.2' ],
20 silly audit   '@tweenjs/tween.js': [ '23.1.3' ],
20 silly audit   '@types/babel__core': [ '7.20.5' ],
20 silly audit   '@types/babel__generator': [ '7.27.0' ],
20 silly audit   '@types/babel__template': [ '7.4.4' ],
20 silly audit   '@types/babel__traverse': [ '7.20.7' ],
20 silly audit   '@types/draco3d': [ '1.4.10' ],
20 silly audit   '@types/estree': [ '1.0.7' ],
20 silly audit   '@types/json-schema': [ '7.0.15' ],
20 silly audit   '@types/offscreencanvas': [ '2019.7.3' ],
20 silly audit   '@types/parse-json': [ '4.0.2' ],
20 silly audit   '@types/prop-types': [ '15.7.14' ],
20 silly audit   '@types/react': [ '19.1.4' ],
20 silly audit   '@types/react-dom': [ '19.1.5' ],
20 silly audit   '@types/react-reconciler': [ '0.28.9' ],
20 silly audit   '@types/react-transition-group': [ '4.4.12' ],
20 silly audit   '@types/stats.js': [ '0.17.4' ],
20 silly audit   '@types/webxr': [ '0.5.22' ],
20 silly audit   '@typescript-eslint/eslint-plugin': [ '8.32.1' ],
20 silly audit   ignore: [ '7.0.4', '5.3.2' ],
20 silly audit   '@typescript-eslint/parser': [ '8.32.1' ],
20 silly audit   '@typescript-eslint/scope-manager': [ '8.32.1' ],
20 silly audit   '@typescript-eslint/type-utils': [ '8.32.1' ],
20 silly audit   '@typescript-eslint/types': [ '8.32.1' ],
20 silly audit   '@typescript-eslint/typescript-estree': [ '8.32.1' ],
20 silly audit   'brace-expansion': [ '2.0.1', '1.1.11' ],
20 silly audit   minimatch: [ '9.0.5', '3.1.2' ],
20 silly audit   semver: [ '7.7.2', '6.3.1' ],
20 silly audit   '@typescript-eslint/utils': [ '8.32.1' ],
20 silly audit   '@typescript-eslint/visitor-keys': [ '8.32.1' ],
20 silly audit   '@use-gesture/core': [ '10.3.1' ],
20 silly audit   '@use-gesture/react': [ '10.3.1' ],
20 silly audit   '@vitejs/plugin-react': [ '4.4.1' ],
20 silly audit   '@webgpu/types': [ '0.1.60' ],
20 silly audit   accepts: [ '2.0.0' ],
20 silly audit   acorn: [ '8.14.1' ],
20 silly audit   'acorn-jsx': [ '5.3.2' ],
20 silly audit   ajv: [ '6.12.6' ],
20 silly audit   'ansi-styles': [ '4.3.0' ],
20 silly audit   argparse: [ '2.0.1' ],
20 silly audit   'babel-plugin-macros': [ '3.1.0' ],
20 silly audit   'balanced-match': [ '1.0.2' ],
20 silly audit   'base64-js': [ '1.5.1' ],
20 silly audit   'bidi-js': [ '1.0.3' ],
20 silly audit   'body-parser': [ '2.2.0' ],
20 silly audit   braces: [ '3.0.3' ],
20 silly audit   browserslist: [ '4.24.5' ],
20 silly audit   buffer: [ '6.0.3' ],
20 silly audit   bytes: [ '3.1.2' ],
20 silly audit   'call-bind-apply-helpers': [ '1.0.2' ],
20 silly audit   'call-bound': [ '1.0.4' ],
20 silly audit   callsites: [ '3.1.0' ],
20 silly audit   'camera-controls': [ '2.10.1' ],
20 silly audit   'caniuse-lite': [ '1.0.30001718' ],
20 silly audit   chalk: [ '4.1.2' ],
20 silly audit   clsx: [ '2.1.1' ],
20 silly audit   'color-convert': [ '2.0.1' ],
20 silly audit   'color-name': [ '1.1.4' ],
20 silly audit   'concat-map': [ '0.0.1' ],
20 silly audit   'content-disposition': [ '1.0.0' ],
20 silly audit   'content-type': [ '1.0.5' ],
20 silly audit   cookie: [ '0.7.2' ],
20 silly audit   'cookie-signature': [ '1.2.2' ],
20 silly audit   cors: [ '2.8.5' ],
20 silly audit   cosmiconfig: [ '7.1.0' ],
20 silly audit   yaml: [ '1.10.2', '2.7.1' ],
20 silly audit   'cross-env': [ '7.0.3' ],
20 silly audit   'cross-spawn': [ '7.0.6' ],
20 silly audit   csstype: [ '3.1.3' ],
20 silly audit   debug: [ '4.4.0' ],
20 silly audit   'deep-is': [ '0.1.4' ],
20 silly audit   depd: [ '2.0.0' ],
20 silly audit   'detect-gpu': [ '5.0.70' ],
20 silly audit   'dom-helpers': [ '5.2.1' ],
20 silly audit   draco3d: [ '1.5.7' ],
20 silly audit   'dunder-proto': [ '1.0.1' ],
20 silly audit   'ee-first': [ '1.1.1' ],
20 silly audit   'electron-to-chromium': [ '1.5.152' ],
20 silly audit   encodeurl: [ '2.0.0' ],
20 silly audit   'error-ex': [ '1.3.2' ],
20 silly audit   'es-define-property': [ '1.0.1' ],
20 silly audit   'es-errors': [ '1.3.0' ],
20 silly audit   'es-object-atoms': [ '1.1.1' ],
20 silly audit   esbuild: [ '0.25.4' ],
20 silly audit   escalade: [ '3.2.0' ],
20 silly audit   'escape-html': [ '1.0.3' ],
20 silly audit   'escape-string-regexp': [ '4.0.0' ],
20 silly audit   eslint: [ '9.26.0' ],
20 silly audit   'eslint-plugin-react-hooks': [ '5.2.0' ],
20 silly audit   'eslint-plugin-react-refresh': [ '0.4.20' ],
20 silly audit   'eslint-scope': [ '8.3.0' ],
20 silly audit   espree: [ '10.3.0' ],
20 silly audit   esquery: [ '1.6.0' ],
20 silly audit   esrecurse: [ '4.3.0' ],
20 silly audit   estraverse: [ '5.3.0' ],
20 silly audit   esutils: [ '2.0.3' ],
20 silly audit   etag: [ '1.8.1' ],
20 silly audit   eventsource: [ '3.0.7' ],
20 silly audit   'eventsource-parser': [ '3.0.1' ],
20 silly audit   express: [ '5.1.0' ],
20 silly audit   'express-rate-limit': [ '7.5.0' ],
20 silly audit   'fast-deep-equal': [ '3.1.3' ],
20 silly audit   'fast-glob': [ '3.3.3' ],
20 silly audit   'glob-parent': [ '5.1.2', '6.0.2' ],
20 silly audit   'fast-json-stable-stringify': [ '2.1.0' ],
20 silly audit   'fast-levenshtein': [ '2.0.6' ],
20 silly audit   fastq: [ '1.19.1' ],
20 silly audit   fflate: [ '0.8.2', '0.6.10' ],
20 silly audit   'file-entry-cache': [ '8.0.0' ],
20 silly audit   'fill-range': [ '7.1.1' ],
20 silly audit   finalhandler: [ '2.1.0' ],
20 silly audit   'find-root': [ '1.1.0' ],
20 silly audit   'find-up': [ '5.0.0' ],
20 silly audit   'flat-cache': [ '4.0.1' ],
20 silly audit   flatted: [ '3.3.3' ],
20 silly audit   forwarded: [ '0.2.0' ],
20 silly audit   fresh: [ '2.0.0' ],
20 silly audit   fsevents: [ '2.3.3' ],
20 silly audit   'function-bind': [ '1.1.2' ],
20 silly audit   gensync: [ '1.0.0-beta.2' ],
20 silly audit   'get-intrinsic': [ '1.3.0' ],
20 silly audit   'get-proto': [ '1.0.1' ],
20 silly audit   'glsl-noise': [ '0.0.0' ],
20 silly audit   gopd: [ '1.2.0' ],
20 silly audit   graphemer: [ '1.4.0' ],
20 silly audit   'has-flag': [ '4.0.0' ],
20 silly audit   'has-symbols': [ '1.1.0' ],
20 silly audit   hasown: [ '2.0.2' ],
20 silly audit   'hls.js': [ '1.6.2' ],
20 silly audit   'hoist-non-react-statics': [ '3.3.2' ],
20 silly audit   'react-is': [ '16.13.1', '19.1.0' ],
20 silly audit   'http-errors': [ '2.0.0' ],
20 silly audit   'iconv-lite': [ '0.6.3' ],
20 silly audit   ieee754: [ '1.2.1' ],
20 silly audit   immediate: [ '3.0.6' ],
20 silly audit   'import-fresh': [ '3.3.1' ],
20 silly audit   imurmurhash: [ '0.1.4' ],
20 silly audit   inherits: [ '2.0.4' ],
20 silly audit   'ipaddr.js': [ '1.9.1' ],
20 silly audit   'is-arrayish': [ '0.2.1' ],
20 silly audit   'is-core-module': [ '2.16.1' ],
20 silly audit   'is-extglob': [ '2.1.1' ],
20 silly audit   'is-glob': [ '4.0.3' ],
20 silly audit   'is-number': [ '7.0.0' ],
20 silly audit   'is-promise': [ '4.0.0', '2.2.2' ],
20 silly audit   isexe: [ '2.0.0' ],
20 silly audit   'its-fine': [ '2.0.0' ],
20 silly audit   'js-tokens': [ '4.0.0' ],
20 silly audit   'js-yaml': [ '4.1.0' ],
20 silly audit   jsesc: [ '3.1.0' ],
20 silly audit   'json-buffer': [ '3.0.1' ],
20 silly audit   'json-parse-even-better-errors': [ '2.3.1' ],
20 silly audit   'json-schema-traverse': [ '0.4.1' ],
20 silly audit   'json-stable-stringify-without-jsonify': [ '1.0.1' ],
20 silly audit   json5: [ '2.2.3' ],
20 silly audit   keyv: [ '4.5.4' ],
20 silly audit   levn: [ '0.4.1' ],
20 silly audit   lie: [ '3.3.0' ],
20 silly audit   'lines-and-columns': [ '1.2.4' ],
20 silly audit   'locate-path': [ '6.0.0' ],
20 silly audit   'lodash.merge': [ '4.6.2' ],
20 silly audit   'loose-envify': [ '1.4.0' ],
20 silly audit   'lru-cache': [ '5.1.1' ],
20 silly audit   maath: [ '0.10.8' ],
20 silly audit   'math-intrinsics': [ '1.1.0' ],
20 silly audit   'media-typer': [ '1.1.0' ],
20 silly audit   'merge-descriptors': [ '2.0.0' ],
20 silly audit   merge2: [ '1.4.1' ],
20 silly audit   meshline: [ '3.3.1' ],
20 silly audit   meshoptimizer: [ '0.18.1' ],
20 silly audit   micromatch: [ '4.0.8' ],
20 silly audit   'mime-db': [ '1.54.0' ],
20 silly audit   'mime-types': [ '3.0.1' ],
20 silly audit   ms: [ '2.1.3' ],
20 silly audit   nanoid: [ '3.3.11' ],
20 silly audit   'natural-compare': [ '1.4.0' ],
20 silly audit   negotiator: [ '1.0.0' ],
20 silly audit   'node-releases': [ '2.0.19' ],
20 silly audit   'object-assign': [ '4.1.1' ],
20 silly audit   'object-inspect': [ '1.13.4' ],
20 silly audit   'on-finished': [ '2.4.1' ],
20 silly audit   once: [ '1.4.0' ],
20 silly audit   optionator: [ '0.9.4' ],
20 silly audit   'p-limit': [ '3.1.0' ],
20 silly audit   'p-locate': [ '5.0.0' ],
20 silly audit   'parent-module': [ '1.0.1' ],
20 silly audit   'parse-json': [ '5.2.0' ],
20 silly audit   parseurl: [ '1.3.3' ],
20 silly audit   'path-exists': [ '4.0.0' ],
20 silly audit   'path-key': [ '3.1.1' ],
20 silly audit   'path-parse': [ '1.0.7' ],
20 silly audit   'path-to-regexp': [ '8.2.0' ],
20 silly audit   'path-type': [ '4.0.0' ],
20 silly audit   picocolors: [ '1.1.1' ],
20 silly audit   picomatch: [ '2.3.1', '4.0.2' ],
20 silly audit   'pkce-challenge': [ '5.0.0' ],
20 silly audit   postcss: [ '8.5.3' ],
20 silly audit   potpack: [ '1.0.2' ],
20 silly audit   'prelude-ls': [ '1.2.1' ],
20 silly audit   'promise-worker-transferable': [ '1.0.4' ],
20 silly audit   'prop-types': [ '15.8.1' ],
20 silly audit   'proxy-addr': [ '2.0.7' ],
20 silly audit   punycode: [ '2.3.1' ],
20 silly audit   qs: [ '6.14.0' ],
20 silly audit   'queue-microtask': [ '1.2.3' ],
20 silly audit   'range-parser': [ '1.2.1' ],
20 silly audit   'raw-body': [ '3.0.0' ],
20 silly audit   react: [ '19.1.0' ],
20 silly audit   'react-dom': [ '19.1.0' ],
20 silly audit   'react-reconciler': [ '0.31.0' ],
20 silly audit   'react-refresh': [ '0.17.0' ],
20 silly audit   'react-transition-group': [ '4.4.5' ],
20 silly audit   'react-use-measure': [ '2.1.7' ],
20 silly audit   'require-from-string': [ '2.0.2' ],
20 silly audit   resolve: [ '1.22.10' ],
20 silly audit   'resolve-from': [ '4.0.0' ],
20 silly audit   reusify: [ '1.1.0' ],
20 silly audit   rollup: [ '4.40.2' ],
20 silly audit   router: [ '2.2.0' ],
20 silly audit   'run-parallel': [ '1.2.0' ],
20 silly audit   'safe-buffer': [ '5.2.1' ],
20 silly audit   'safer-buffer': [ '2.1.2' ],
20 silly audit   send: [ '1.2.0' ],
20 silly audit   'serve-static': [ '2.2.0' ],
20 silly audit   setprototypeof: [ '1.2.0' ],
20 silly audit   'shebang-command': [ '2.0.0' ],
20 silly audit   'shebang-regex': [ '3.0.0' ],
20 silly audit   'side-channel': [ '1.1.0' ],
20 silly audit   'side-channel-list': [ '1.0.0' ],
20 silly audit   'side-channel-map': [ '1.0.1' ],
20 silly audit   'side-channel-weakmap': [ '1.0.2' ],
20 silly audit   'source-map': [ '0.5.7' ],
20 silly audit   'source-map-js': [ '1.2.1' ],
20 silly audit   'stats-gl': [ '2.4.2' ],
20 silly audit   three: [ '0.170.0', '0.176.0' ],
20 silly audit   'stats.js': [ '0.17.0' ],
20 silly audit   statuses: [ '2.0.1' ],
20 silly audit   'strip-json-comments': [ '3.1.1' ],
20 silly audit   stylis: [ '4.2.0' ],
20 silly audit   'supports-color': [ '7.2.0' ],
20 silly audit   'supports-preserve-symlinks-flag': [ '1.0.0' ],
20 silly audit   'suspend-react': [ '0.1.3' ],
20 silly audit   'three-mesh-bvh': [ '0.8.3' ],
20 silly audit   'three-stdlib': [ '2.36.0' ],
20 silly audit   tinyglobby: [ '0.2.13' ],
20 silly audit   fdir: [ '6.4.4' ],
20 silly audit   'to-regex-range': [ '5.0.1' ],
20 silly audit   toidentifier: [ '1.0.1' ],
20 silly audit   'troika-three-text': [ '0.52.4' ],
20 silly audit   'troika-three-utils': [ '0.52.4' ],
20 silly audit   'troika-worker-utils': [ '0.52.0' ],
20 silly audit   'ts-api-utils': [ '2.1.0' ],
20 silly audit   'tunnel-rat': [ '0.1.2' ],
20 silly audit   zustand: [ '4.5.6', '5.0.4' ],
20 silly audit   'type-check': [ '0.4.0' ],
20 silly audit   'type-is': [ '2.0.1' ],
20 silly audit   typescript: [ '5.8.3' ],
20 silly audit   'typescript-eslint': [ '8.32.1' ],
20 silly audit   unpipe: [ '1.0.0' ],
20 silly audit   'update-browserslist-db': [ '1.1.3' ],
20 silly audit   'uri-js': [ '4.4.1' ],
20 silly audit   'use-sync-external-store': [ '1.5.0' ],
20 silly audit   'utility-types': [ '3.11.0' ],
20 silly audit   vary: [ '1.1.2' ],
20 silly audit   vite: [ '6.3.5' ],
20 silly audit   'webgl-constants': [ '1.1.1' ],
20 silly audit   'webgl-sdf-generator': [ '1.1.1' ],
20 silly audit   which: [ '2.0.2' ],
20 silly audit   'word-wrap': [ '1.2.5' ],
20 silly audit   wrappy: [ '1.0.2' ],
20 silly audit   yallist: [ '3.1.1' ],
20 silly audit   'yocto-queue': [ '0.1.0' ],
20 silly audit   zod: [ '3.24.4' ],
20 silly audit   'zod-to-json-schema': [ '3.24.5' ],
20 silly audit   '@types/three': [ '0.176.0' ]
20 silly audit }
21 verbose reify failed optional dependency /home/user/room-planner/node_modules/fsevents
22 silly reify mark deleted [ '/home/user/room-planner/node_modules/fsevents' ]
23 verbose reify failed optional dependency /home/user/room-planner/node_modules/@rollup/rollup-win32-x64-msvc
24 silly reify mark deleted [
24 silly reify   '/home/user/room-planner/node_modules/@rollup/rollup-win32-x64-msvc'
24 silly reify ]
25 verbose reify failed optional dependency /home/user/room-planner/node_modules/@rollup/rollup-win32-ia32-msvc
26 silly reify mark deleted [
26 silly reify   '/home/user/room-planner/node_modules/@rollup/rollup-win32-ia32-msvc'
26 silly reify ]
27 verbose reify failed optional dependency /home/user/room-planner/node_modules/@rollup/rollup-win32-arm64-msvc
28 silly reify mark deleted [
28 silly reify   '/home/user/room-planner/node_modules/@rollup/rollup-win32-arm64-msvc'
28 silly reify ]
29 verbose reify failed optional dependency /home/user/room-planner/node_modules/@rollup/rollup-linux-s390x-gnu
30 silly reify mark deleted [
30 silly reify   '/home/user/room-planner/node_modules/@rollup/rollup-linux-s390x-gnu'
30 silly reify ]
31 verbose reify failed optional dependency /home/user/room-planner/node_modules/@rollup/rollup-linux-riscv64-musl
32 silly reify mark deleted [
32 silly reify   '/home/user/room-planner/node_modules/@rollup/rollup-linux-riscv64-musl'
32 silly reify ]
33 verbose reify failed optional dependency /home/user/room-planner/node_modules/@rollup/rollup-linux-riscv64-gnu
34 silly reify mark deleted [
34 silly reify   '/home/user/room-planner/node_modules/@rollup/rollup-linux-riscv64-gnu'
34 silly reify ]
35 verbose reify failed optional dependency /home/user/room-planner/node_modules/@rollup/rollup-linux-powerpc64le-gnu
36 silly reify mark deleted [
36 silly reify   '/home/user/room-planner/node_modules/@rollup/rollup-linux-powerpc64le-gnu'
36 silly reify ]
37 verbose reify failed optional dependency /home/user/room-planner/node_modules/@rollup/rollup-linux-loongarch64-gnu
38 silly reify mark deleted [
38 silly reify   '/home/user/room-planner/node_modules/@rollup/rollup-linux-loongarch64-gnu'
38 silly reify ]
39 verbose reify failed optional dependency /home/user/room-planner/node_modules/@rollup/rollup-linux-arm64-musl
40 silly reify mark deleted [
40 silly reify   '/home/user/room-planner/node_modules/@rollup/rollup-linux-arm64-musl'
40 silly reify ]
41 verbose reify failed optional dependency /home/user/room-planner/node_modules/@rollup/rollup-linux-arm64-gnu
42 silly reify mark deleted [
42 silly reify   '/home/user/room-planner/node_modules/@rollup/rollup-linux-arm64-gnu'
42 silly reify ]
43 verbose reify failed optional dependency /home/user/room-planner/node_modules/@rollup/rollup-linux-arm-musleabihf
44 silly reify mark deleted [
44 silly reify   '/home/user/room-planner/node_modules/@rollup/rollup-linux-arm-musleabihf'
44 silly reify ]
45 verbose reify failed optional dependency /home/user/room-planner/node_modules/@rollup/rollup-linux-arm-gnueabihf
46 silly reify mark deleted [
46 silly reify   '/home/user/room-planner/node_modules/@rollup/rollup-linux-arm-gnueabihf'
46 silly reify ]
47 verbose reify failed optional dependency /home/user/room-planner/node_modules/@rollup/rollup-freebsd-x64
48 silly reify mark deleted [ '/home/user/room-planner/node_modules/@rollup/rollup-freebsd-x64' ]
49 verbose reify failed optional dependency /home/user/room-planner/node_modules/@rollup/rollup-freebsd-arm64
50 silly reify mark deleted [ '/home/user/room-planner/node_modules/@rollup/rollup-freebsd-arm64' ]
51 verbose reify failed optional dependency /home/user/room-planner/node_modules/@rollup/rollup-darwin-x64
52 silly reify mark deleted [ '/home/user/room-planner/node_modules/@rollup/rollup-darwin-x64' ]
53 verbose reify failed optional dependency /home/user/room-planner/node_modules/@rollup/rollup-darwin-arm64
54 silly reify mark deleted [ '/home/user/room-planner/node_modules/@rollup/rollup-darwin-arm64' ]
55 verbose reify failed optional dependency /home/user/room-planner/node_modules/@rollup/rollup-android-arm64
56 silly reify mark deleted [ '/home/user/room-planner/node_modules/@rollup/rollup-android-arm64' ]
57 verbose reify failed optional dependency /home/user/room-planner/node_modules/@rollup/rollup-android-arm-eabi
58 silly reify mark deleted [
58 silly reify   '/home/user/room-planner/node_modules/@rollup/rollup-android-arm-eabi'
58 silly reify ]
59 verbose reify failed optional dependency /home/user/room-planner/node_modules/@esbuild/win32-x64
60 silly reify mark deleted [ '/home/user/room-planner/node_modules/@esbuild/win32-x64' ]
61 verbose reify failed optional dependency /home/user/room-planner/node_modules/@esbuild/win32-ia32
62 silly reify mark deleted [ '/home/user/room-planner/node_modules/@esbuild/win32-ia32' ]
63 verbose reify failed optional dependency /home/user/room-planner/node_modules/@esbuild/win32-arm64
64 silly reify mark deleted [ '/home/user/room-planner/node_modules/@esbuild/win32-arm64' ]
65 verbose reify failed optional dependency /home/user/room-planner/node_modules/@esbuild/sunos-x64
66 silly reify mark deleted [ '/home/user/room-planner/node_modules/@esbuild/sunos-x64' ]
67 verbose reify failed optional dependency /home/user/room-planner/node_modules/@esbuild/openbsd-x64
68 silly reify mark deleted [ '/home/user/room-planner/node_modules/@esbuild/openbsd-x64' ]
69 verbose reify failed optional dependency /home/user/room-planner/node_modules/@esbuild/openbsd-arm64
70 silly reify mark deleted [ '/home/user/room-planner/node_modules/@esbuild/openbsd-arm64' ]
71 verbose reify failed optional dependency /home/user/room-planner/node_modules/@esbuild/netbsd-x64
72 silly reify mark deleted [ '/home/user/room-planner/node_modules/@esbuild/netbsd-x64' ]
73 verbose reify failed optional dependency /home/user/room-planner/node_modules/@esbuild/netbsd-arm64
74 silly reify mark deleted [ '/home/user/room-planner/node_modules/@esbuild/netbsd-arm64' ]
75 verbose reify failed optional dependency /home/user/room-planner/node_modules/@esbuild/linux-s390x
76 silly reify mark deleted [ '/home/user/room-planner/node_modules/@esbuild/linux-s390x' ]
77 verbose reify failed optional dependency /home/user/room-planner/node_modules/@esbuild/linux-riscv64
78 silly reify mark deleted [ '/home/user/room-planner/node_modules/@esbuild/linux-riscv64' ]
79 verbose reify failed optional dependency /home/user/room-planner/node_modules/@esbuild/linux-ppc64
80 silly reify mark deleted [ '/home/user/room-planner/node_modules/@esbuild/linux-ppc64' ]
81 verbose reify failed optional dependency /home/user/room-planner/node_modules/@esbuild/linux-mips64el
82 silly reify mark deleted [ '/home/user/room-planner/node_modules/@esbuild/linux-mips64el' ]
83 verbose reify failed optional dependency /home/user/room-planner/node_modules/@esbuild/linux-loong64
84 silly reify mark deleted [ '/home/user/room-planner/node_modules/@esbuild/linux-loong64' ]
85 verbose reify failed optional dependency /home/user/room-planner/node_modules/@esbuild/linux-ia32
86 silly reify mark deleted [ '/home/user/room-planner/node_modules/@esbuild/linux-ia32' ]
87 verbose reify failed optional dependency /home/user/room-planner/node_modules/@esbuild/linux-arm64
88 silly reify mark deleted [ '/home/user/room-planner/node_modules/@esbuild/linux-arm64' ]
89 verbose reify failed optional dependency /home/user/room-planner/node_modules/@esbuild/linux-arm
90 silly reify mark deleted [ '/home/user/room-planner/node_modules/@esbuild/linux-arm' ]
91 verbose reify failed optional dependency /home/user/room-planner/node_modules/@esbuild/freebsd-x64
92 silly reify mark deleted [ '/home/user/room-planner/node_modules/@esbuild/freebsd-x64' ]
93 verbose reify failed optional dependency /home/user/room-planner/node_modules/@esbuild/freebsd-arm64
94 silly reify mark deleted [ '/home/user/room-planner/node_modules/@esbuild/freebsd-arm64' ]
95 verbose reify failed optional dependency /home/user/room-planner/node_modules/@esbuild/darwin-x64
96 silly reify mark deleted [ '/home/user/room-planner/node_modules/@esbuild/darwin-x64' ]
97 verbose reify failed optional dependency /home/user/room-planner/node_modules/@esbuild/darwin-arm64
98 silly reify mark deleted [ '/home/user/room-planner/node_modules/@esbuild/darwin-arm64' ]
99 verbose reify failed optional dependency /home/user/room-planner/node_modules/@esbuild/android-x64
100 silly reify mark deleted [ '/home/user/room-planner/node_modules/@esbuild/android-x64' ]
101 verbose reify failed optional dependency /home/user/room-planner/node_modules/@esbuild/android-arm64
102 silly reify mark deleted [ '/home/user/room-planner/node_modules/@esbuild/android-arm64' ]
103 verbose reify failed optional dependency /home/user/room-planner/node_modules/@esbuild/android-arm
104 silly reify mark deleted [ '/home/user/room-planner/node_modules/@esbuild/android-arm' ]
105 verbose reify failed optional dependency /home/user/room-planner/node_modules/@esbuild/aix-ppc64
106 silly reify mark deleted [ '/home/user/room-planner/node_modules/@esbuild/aix-ppc64' ]
107 http fetch POST 200 https://registry.npmjs.org/-/npm/v1/security/advisories/bulk 661ms
108 silly audit report {}
109 silly ADD
110 silly ADD
111 silly ADD
112 silly ADD
113 silly ADD
114 silly ADD
115 silly ADD
116 silly ADD
117 silly ADD
118 silly ADD
119 silly ADD
120 silly ADD
121 silly ADD
122 silly ADD
123 silly ADD
124 silly ADD
125 silly ADD
126 silly ADD
127 silly ADD
128 silly ADD
129 silly ADD
130 silly ADD
131 silly ADD
132 silly ADD
133 silly ADD
134 silly ADD
135 silly ADD
136 silly ADD
137 silly ADD
138 silly ADD
139 silly ADD
140 silly ADD
141 silly ADD
142 silly ADD
143 silly ADD
144 silly ADD
145 silly ADD
146 silly ADD
147 silly ADD
148 silly ADD
149 silly ADD
150 silly ADD
151 silly ADD
152 verbose cwd /home/user/room-planner
153 verbose os Linux 6.1.102
154 verbose node v20.19.1
155 verbose npm  v10.8.2
156 verbose exit 0
157 info ok
