0 verbose cli /usr/bin/node /usr/lib/node_modules/npm/bin/npm-cli.js
1 info using npm@10.8.2
2 info using node@v20.19.1
3 silly config load:file:/usr/lib/node_modules/npm/npmrc
4 silly config load:file:/home/user/room-planner/.npmrc
5 silly config load:file:/home/user/.npmrc
6 silly config load:file:/usr/etc/npmrc
7 verbose title npm exec shadcn-ui@latest init
8 verbose argv "exec" "--" "shadcn-ui@latest" "init"
9 verbose logfile logs-max:10 dir:/home/user/.npm/_logs/2025-05-13T18_10_32_217Z-
10 verbose logfile /home/user/.npm/_logs/2025-05-13T18_10_32_217Z-debug-0.log
11 silly logfile done cleaning log files
12 silly packumentCache heap:530317312 maxSize:132579328 maxEntrySize:66289664
13 http fetch GET 200 https://registry.npmjs.org/shadcn-ui 237ms (cache miss)
14 silly packumentCache heap:530317312 maxSize:132579328 maxEntrySize:66289664
15 silly packumentCache heap:530317312 maxSize:132579328 maxEntrySize:66289664
16 warn exec The following package was not found and will be installed: shadcn-ui@0.9.5
17 silly idealTree buildDeps
18 silly fetch manifest shadcn-ui@0.9.5
19 silly packumentCache full:https://registry.npmjs.org/shadcn-ui cache-miss
20 http fetch GET 200 https://registry.npmjs.org/shadcn-ui 69ms (cache miss)
21 silly packumentCache full:https://registry.npmjs.org/shadcn-ui set size:undefined disposed:false
22 silly placeDep ROOT shadcn-ui@0.9.5 OK for:  want: 0.9.5
23 silly fetch manifest chalk@^5.4.1
24 silly packumentCache full:https://registry.npmjs.org/chalk cache-miss
25 http fetch GET 200 https://registry.npmjs.org/chalk 12ms (cache hit)
26 silly packumentCache full:https://registry.npmjs.org/chalk set size:122561 disposed:false
27 silly placeDep ROOT chalk@5.4.1 OK for: shadcn-ui@0.9.5 want: ^5.4.1
28 silly reify moves {}
29 silly audit bulk request { 'shadcn-ui': [ '0.9.5' ], chalk: [ '5.4.1' ] }
30 silly tarball no local data for chalk@https://registry.npmjs.org/chalk/-/chalk-5.4.1.tgz. Extracting by manifest.
31 silly tarball no local data for shadcn-ui@https://registry.npmjs.org/shadcn-ui/-/shadcn-ui-0.9.5.tgz. Extracting by manifest.
32 http fetch POST 200 https://registry.npmjs.org/-/npm/v1/security/advisories/bulk 59ms
33 silly audit report {}
34 http fetch GET 200 https://registry.npmjs.org/shadcn-ui/-/shadcn-ui-0.9.5.tgz 116ms (cache miss)
35 http fetch GET 200 https://registry.npmjs.org/chalk/-/chalk-5.4.1.tgz 131ms (cache miss)
36 verbose cwd /home/user/room-planner
37 verbose os Linux 6.1.102
38 verbose node v20.19.1
39 verbose npm  v10.8.2
40 verbose exit 0
41 info ok
